error: Problems running dot: exit code=-1, command='dot', arguments='"C:/Users/kris/OneDrive/recherche Biome/01 - code/code/docs/html/_bouton_8cpp__incl.dot" -Tpng -o "C:/Users/kris/OneDrive/recherche Biome/01 - code/code/docs/html/_bouton_8cpp__incl.png"'
error: Problems running dot: exit code=-1, command='dot', arguments='"C:/Users/kris/OneDrive/recherche Biome/01 - code/code/docs/html/_config_8h__dep__incl.dot" -Tpng -o "C:/Users/kris/OneDrive/recherche Biome/01 - code/code/docs/html/_config_8h__dep__incl.png"'
error: Problems running dot: exit code=-1, command='dot', arguments='"C:/Users/kris/OneDrive/recherche Biome/01 - code/code/docs/html/_ecran_8cpp__incl.dot" -Tpng -o "C:/Users/kris/OneDrive/recherche Biome/01 - code/code/docs/html/_ecran_8cpp__incl.png"'
error: Problems running dot: exit code=-1, command='dot', arguments='"C:/Users/kris/OneDrive/recherche Biome/01 - code/code/docs/html/_ecran_accueil_8cpp__incl.dot" -Tpng -o "C:/Users/kris/OneDrive/recherche Biome/01 - code/code/docs/html/_ecran_accueil_8cpp__incl.png"'
error: Problems running dot: exit code=-1, command='dot', arguments='"C:/Users/kris/OneDrive/recherche Biome/01 - code/code/docs/html/_ecran_8h__incl.dot" -Tpng -o "C:/Users/kris/OneDrive/recherche Biome/01 - code/code/docs/html/_ecran_8h__incl.png"'
error: Problems running dot: exit code=-1, command='dot', arguments='"C:/Users/kris/OneDrive/recherche Biome/01 - code/code/docs/html/_config_8h__incl.dot" -Tpng -o "C:/Users/kris/OneDrive/recherche Biome/01 - code/code/docs/html/_config_8h__incl.png"'
error: Problems running dot: exit code=-1, command='dot', arguments='"C:/Users/kris/OneDrive/recherche Biome/01 - code/code/docs/html/_application_8h__incl.dot" -Tpng -o "C:/Users/kris/OneDrive/recherche Biome/01 - code/code/docs/html/_application_8h__incl.png"'
error: Problems running dot: exit code=-1, command='dot', arguments='"C:/Users/kris/OneDrive/recherche Biome/01 - code/code/docs/html/_bouton_8h__dep__incl.dot" -Tpng -o "C:/Users/kris/OneDrive/recherche Biome/01 - code/code/docs/html/_bouton_8h__dep__incl.png"'
error: Problems running dot: exit code=-1, command='dot', arguments='"C:/Users/kris/OneDrive/recherche Biome/01 - code/code/docs/html/_application_8cpp__incl.dot" -Tpng -o "C:/Users/kris/OneDrive/recherche Biome/01 - code/code/docs/html/_application_8cpp__incl.png"'
error: Problems running dot: exit code=-1, command='dot', arguments='"C:/Users/kris/OneDrive/recherche Biome/01 - code/code/docs/html/_bouton_8h__incl.dot" -Tpng -o "C:/Users/kris/OneDrive/recherche Biome/01 - code/code/docs/html/_bouton_8h__incl.png"'
error: Problems running dot: exit code=-1, command='dot', arguments='"C:/Users/kris/OneDrive/recherche Biome/01 - code/code/docs/html/_application_8h__dep__incl.dot" -Tpng -o "C:/Users/kris/OneDrive/recherche Biome/01 - code/code/docs/html/_application_8h__dep__incl.png"'
error: Problems running dot: exit code=-1, command='dot', arguments='"C:/Users/kris/OneDrive/recherche Biome/01 - code/code/docs/html/_ecran_8h__dep__incl.dot" -Tpng -o "C:/Users/kris/OneDrive/recherche Biome/01 - code/code/docs/html/_ecran_8h__dep__incl.png"'
error: Problems running dot: exit code=-1, command='dot', arguments='"C:/Users/kris/OneDrive/recherche Biome/01 - code/code/docs/html/_config_8cpp__incl.dot" -Tpng -o "C:/Users/kris/OneDrive/recherche Biome/01 - code/code/docs/html/_config_8cpp__incl.png"'
error: Problems running dot: exit code=-1, command='dot', arguments='"C:/Users/kris/OneDrive/recherche Biome/01 - code/code/docs/html/_fabrique_8h__dep__incl.dot" -Tpng -o "C:/Users/kris/OneDrive/recherche Biome/01 - code/code/docs/html/_fabrique_8h__dep__incl.png"'
error: Problems running dot: exit code=-1, command='dot', arguments='"C:/Users/kris/OneDrive/recherche Biome/01 - code/code/docs/html/_ecran_accueil_8h__incl.dot" -Tpng -o "C:/Users/kris/OneDrive/recherche Biome/01 - code/code/docs/html/_ecran_accueil_8h__incl.png"'
error: Problems running dot: exit code=-1, command='dot', arguments='"C:/Users/kris/OneDrive/recherche Biome/01 - code/code/docs/html/_ecran_jeu_8h__incl.dot" -Tpng -o "C:/Users/kris/OneDrive/recherche Biome/01 - code/code/docs/html/_ecran_jeu_8h__incl.png"'
error: Problems running dot: exit code=-1, command='dot', arguments='"C:/Users/kris/OneDrive/recherche Biome/01 - code/code/docs/html/_etage_8cpp__incl.dot" -Tpng -o "C:/Users/kris/OneDrive/recherche Biome/01 - code/code/docs/html/_etage_8cpp__incl.png"'
error: Problems running dot: exit code=-1, command='dot', arguments='"C:/Users/kris/OneDrive/recherche Biome/01 - code/code/docs/html/_etage_8h__incl.dot" -Tpng -o "C:/Users/kris/OneDrive/recherche Biome/01 - code/code/docs/html/_etage_8h__incl.png"'
error: Problems running dot: exit code=-1, command='dot', arguments='"C:/Users/kris/OneDrive/recherche Biome/01 - code/code/docs/html/_fabrique_8cpp__incl.dot" -Tpng -o "C:/Users/kris/OneDrive/recherche Biome/01 - code/code/docs/html/_fabrique_8cpp__incl.png"'
error: Problems running dot: exit code=-1, command='dot', arguments='"C:/Users/kris/OneDrive/recherche Biome/01 - code/code/docs/html/_ecran_accueil_8h__dep__incl.dot" -Tpng -o "C:/Users/kris/OneDrive/recherche Biome/01 - code/code/docs/html/_ecran_accueil_8h__dep__incl.png"'
error: Problems running dot: exit code=-1, command='dot', arguments='"C:/Users/kris/OneDrive/recherche Biome/01 - code/code/docs/html/_ecran_jeu_8h__dep__incl.dot" -Tpng -o "C:/Users/kris/OneDrive/recherche Biome/01 - code/code/docs/html/_ecran_jeu_8h__dep__incl.png"'
error: Problems running dot: exit code=-1, command='dot', arguments='"C:/Users/kris/OneDrive/recherche Biome/01 - code/code/docs/html/_fenetre_8h__incl.dot" -Tpng -o "C:/Users/kris/OneDrive/recherche Biome/01 - code/code/docs/html/_fenetre_8h__incl.png"'
error: Problems running dot: exit code=-1, command='dot', arguments='"C:/Users/kris/OneDrive/recherche Biome/01 - code/code/docs/html/_etage_8h__dep__incl.dot" -Tpng -o "C:/Users/kris/OneDrive/recherche Biome/01 - code/code/docs/html/_etage_8h__dep__incl.png"'
error: Problems running dot: exit code=-1, command='dot', arguments='"C:/Users/kris/OneDrive/recherche Biome/01 - code/code/docs/html/_gestion__ecrans_8h__incl.dot" -Tpng -o "C:/Users/kris/OneDrive/recherche Biome/01 - code/code/docs/html/_gestion__ecrans_8h__incl.png"'
error: Problems running dot: exit code=-1, command='dot', arguments='"C:/Users/kris/OneDrive/recherche Biome/01 - code/code/docs/html/_gadget_8h__dep__incl.dot" -Tpng -o "C:/Users/kris/OneDrive/recherche Biome/01 - code/code/docs/html/_gadget_8h__dep__incl.png"'
error: Problems running dot: exit code=-1, command='dot', arguments='"C:/Users/kris/OneDrive/recherche Biome/01 - code/code/docs/html/_fenetre_8cpp__incl.dot" -Tpng -o "C:/Users/kris/OneDrive/recherche Biome/01 - code/code/docs/html/_fenetre_8cpp__incl.png"'
error: Problems running dot: exit code=-1, command='dot', arguments='"C:/Users/kris/OneDrive/recherche Biome/01 - code/code/docs/html/_ecran_jeu_8cpp__incl.dot" -Tpng -o "C:/Users/kris/OneDrive/recherche Biome/01 - code/code/docs/html/_ecran_jeu_8cpp__incl.png"'
error: Problems running dot: exit code=-1, command='dot', arguments='"C:/Users/kris/OneDrive/recherche Biome/01 - code/code/docs/html/_fenetre_8h__dep__incl.dot" -Tpng -o "C:/Users/kris/OneDrive/recherche Biome/01 - code/code/docs/html/_fenetre_8h__dep__incl.png"'
error: Problems running dot: exit code=-1, command='dot', arguments='"C:/Users/kris/OneDrive/recherche Biome/01 - code/code/docs/html/_gadget_8h__incl.dot" -Tpng -o "C:/Users/kris/OneDrive/recherche Biome/01 - code/code/docs/html/_gadget_8h__incl.png"'
error: Problems running dot: exit code=-1, command='dot', arguments='"C:/Users/kris/OneDrive/recherche Biome/01 - code/code/docs/html/_gadget_8cpp__incl.dot" -Tpng -o "C:/Users/kris/OneDrive/recherche Biome/01 - code/code/docs/html/_gadget_8cpp__incl.png"'
error: Problems running dot: exit code=-1, command='dot', arguments='"C:/Users/kris/OneDrive/recherche Biome/01 - code/code/docs/html/_gestion__ecrans_8h__dep__incl.dot" -Tpng -o "C:/Users/kris/OneDrive/recherche Biome/01 - code/code/docs/html/_gestion__ecrans_8h__dep__incl.png"'
error: Problems running dot: exit code=-1, command='dot', arguments='"C:/Users/kris/OneDrive/recherche Biome/01 - code/code/docs/html/_image_8h__dep__incl.dot" -Tpng -o "C:/Users/kris/OneDrive/recherche Biome/01 - code/code/docs/html/_image_8h__dep__incl.png"'
error: Problems running dot: exit code=-1, command='dot', arguments='"C:/Users/kris/OneDrive/recherche Biome/01 - code/code/docs/html/_gestion__ecrans_8cpp__incl.dot" -Tpng -o "C:/Users/kris/OneDrive/recherche Biome/01 - code/code/docs/html/_gestion__ecrans_8cpp__incl.png"'
error: Problems running dot: exit code=-1, command='dot', arguments='"C:/Users/kris/OneDrive/recherche Biome/01 - code/code/docs/html/_image_8cpp__incl.dot" -Tpng -o "C:/Users/kris/OneDrive/recherche Biome/01 - code/code/docs/html/_image_8cpp__incl.png"'
error: Problems running dot: exit code=-1, command='dot', arguments='"C:/Users/kris/OneDrive/recherche Biome/01 - code/code/docs/html/_image_8h__incl.dot" -Tpng -o "C:/Users/kris/OneDrive/recherche Biome/01 - code/code/docs/html/_image_8h__incl.png"'
error: Problems running dot: exit code=-1, command='dot', arguments='"C:/Users/kris/OneDrive/recherche Biome/01 - code/code/docs/html/_jeu_8h__incl.dot" -Tpng -o "C:/Users/kris/OneDrive/recherche Biome/01 - code/code/docs/html/_jeu_8h__incl.png"'
error: Problems running dot: exit code=-1, command='dot', arguments='"C:/Users/kris/OneDrive/recherche Biome/01 - code/code/docs/html/_interface_pheromones_8h__dep__incl.dot" -Tpng -o "C:/Users/kris/OneDrive/recherche Biome/01 - code/code/docs/html/_interface_pheromones_8h__dep__incl.png"'
error: Problems running dot: exit code=-1, command='dot', arguments='"C:/Users/kris/OneDrive/recherche Biome/01 - code/code/docs/html/_gui_8cpp__incl.dot" -Tpng -o "C:/Users/kris/OneDrive/recherche Biome/01 - code/code/docs/html/_gui_8cpp__incl.png"'
error: Problems running dot: exit code=-1, command='dot', arguments='"C:/Users/kris/OneDrive/recherche Biome/01 - code/code/docs/html/_gui_8h__incl.dot" -Tpng -o "C:/Users/kris/OneDrive/recherche Biome/01 - code/code/docs/html/_gui_8h__incl.png"'
error: Problems running dot: exit code=-1, command='dot', arguments='"C:/Users/kris/OneDrive/recherche Biome/01 - code/code/docs/html/_interface_pheromones_8h__incl.dot" -Tpng -o "C:/Users/kris/OneDrive/recherche Biome/01 - code/code/docs/html/_interface_pheromones_8h__incl.png"'
error: Problems running dot: exit code=-1, command='dot', arguments='"C:/Users/kris/OneDrive/recherche Biome/01 - code/code/docs/html/_jeu_8cpp__incl.dot" -Tpng -o "C:/Users/kris/OneDrive/recherche Biome/01 - code/code/docs/html/_jeu_8cpp__incl.png"'
error: Problems running dot: exit code=-1, command='dot', arguments='"C:/Users/kris/OneDrive/recherche Biome/01 - code/code/docs/html/_gui_8h__dep__incl.dot" -Tpng -o "C:/Users/kris/OneDrive/recherche Biome/01 - code/code/docs/html/_gui_8h__dep__incl.png"'
error: Problems running dot: exit code=-1, command='dot', arguments='"C:/Users/kris/OneDrive/recherche Biome/01 - code/code/docs/html/_label_8h__incl.dot" -Tpng -o "C:/Users/kris/OneDrive/recherche Biome/01 - code/code/docs/html/_label_8h__incl.png"'
error: Problems running dot: exit code=-1, command='dot', arguments='"C:/Users/kris/OneDrive/recherche Biome/01 - code/code/docs/html/_interface_pheromones_8cpp__incl.dot" -Tpng -o "C:/Users/kris/OneDrive/recherche Biome/01 - code/code/docs/html/_interface_pheromones_8cpp__incl.png"'
error: Problems running dot: exit code=-1, command='dot', arguments='"C:/Users/kris/OneDrive/recherche Biome/01 - code/code/docs/html/main_8cpp__incl.dot" -Tpng -o "C:/Users/kris/OneDrive/recherche Biome/01 - code/code/docs/html/main_8cpp__incl.png"'
error: Problems running dot: exit code=-1, command='dot', arguments='"C:/Users/kris/OneDrive/recherche Biome/01 - code/code/docs/html/_label_8cpp__incl.dot" -Tpng -o "C:/Users/kris/OneDrive/recherche Biome/01 - code/code/docs/html/_label_8cpp__incl.png"'
error: Problems running dot: exit code=-1, command='dot', arguments='"C:/Users/kris/OneDrive/recherche Biome/01 - code/code/docs/html/_plante_verte_8h__dep__incl.dot" -Tpng -o "C:/Users/kris/OneDrive/recherche Biome/01 - code/code/docs/html/_plante_verte_8h__dep__incl.png"'
error: Problems running dot: exit code=-1, command='dot', arguments='"C:/Users/kris/OneDrive/recherche Biome/01 - code/code/docs/html/_plante_verte_8cpp__incl.dot" -Tpng -o "C:/Users/kris/OneDrive/recherche Biome/01 - code/code/docs/html/_plante_verte_8cpp__incl.png"'
error: Problems running dot: exit code=-1, command='dot', arguments='"C:/Users/kris/OneDrive/recherche Biome/01 - code/code/docs/html/_resource_mgr_8h__dep__incl.dot" -Tpng -o "C:/Users/kris/OneDrive/recherche Biome/01 - code/code/docs/html/_resource_mgr_8h__dep__incl.png"'
error: Problems running dot: exit code=-1, command='dot', arguments='"C:/Users/kris/OneDrive/recherche Biome/01 - code/code/docs/html/_resource_mgr_8inl__dep__incl.dot" -Tpng -o "C:/Users/kris/OneDrive/recherche Biome/01 - code/code/docs/html/_resource_mgr_8inl__dep__incl.png"'
error: Problems running dot: exit code=-1, command='dot', arguments='"C:/Users/kris/OneDrive/recherche Biome/01 - code/code/docs/html/_resource_mgr_8inl__incl.dot" -Tpng -o "C:/Users/kris/OneDrive/recherche Biome/01 - code/code/docs/html/_resource_mgr_8inl__incl.png"'
error: Problems running dot: exit code=-1, command='dot', arguments='"C:/Users/kris/OneDrive/recherche Biome/01 - code/code/docs/html/main_8cpp_ae66f6b31b5ad750f1fe042a706a4e3d4_cgraph.dot" -Tpng -o "C:/Users/kris/OneDrive/recherche Biome/01 - code/code/docs/html/main_8cpp_ae66f6b31b5ad750f1fe042a706a4e3d4_cgraph.png"'
error: Problems running dot: exit code=-1, command='dot', arguments='"C:/Users/kris/OneDrive/recherche Biome/01 - code/code/docs/html/_resource_mgr_8h__incl.dot" -Tpng -o "C:/Users/kris/OneDrive/recherche Biome/01 - code/code/docs/html/_resource_mgr_8h__incl.png"'
error: Problems running dot: exit code=-1, command='dot', arguments='"C:/Users/kris/OneDrive/recherche Biome/01 - code/code/docs/html/_label_8h__dep__incl.dot" -Tpng -o "C:/Users/kris/OneDrive/recherche Biome/01 - code/code/docs/html/_label_8h__dep__incl.png"'
error: Problems running dot: exit code=-1, command='dot', arguments='"C:/Users/kris/OneDrive/recherche Biome/01 - code/code/docs/html/_terrain_8cpp__incl.dot" -Tpng -o "C:/Users/kris/OneDrive/recherche Biome/01 - code/code/docs/html/_terrain_8cpp__incl.png"'
error: Problems running dot: exit code=-1, command='dot', arguments='"C:/Users/kris/OneDrive/recherche Biome/01 - code/code/docs/html/_jeu_8h__dep__incl.dot" -Tpng -o "C:/Users/kris/OneDrive/recherche Biome/01 - code/code/docs/html/_jeu_8h__dep__incl.png"'
error: Problems running dot: exit code=-1, command='dot', arguments='"C:/Users/kris/OneDrive/recherche Biome/01 - code/code/docs/html/_style_8cpp__incl.dot" -Tpng -o "C:/Users/kris/OneDrive/recherche Biome/01 - code/code/docs/html/_style_8cpp__incl.png"'
error: Problems running dot: exit code=-1, command='dot', arguments='"C:/Users/kris/OneDrive/recherche Biome/01 - code/code/docs/html/_terrain_8h__incl.dot" -Tpng -o "C:/Users/kris/OneDrive/recherche Biome/01 - code/code/docs/html/_terrain_8h__incl.png"'
error: Problems running dot: exit code=-1, command='dot', arguments='"C:/Users/kris/OneDrive/recherche Biome/01 - code/code/docs/html/_terrain_8h__dep__incl.dot" -Tpng -o "C:/Users/kris/OneDrive/recherche Biome/01 - code/code/docs/html/_terrain_8h__dep__incl.png"'
error: Problems running dot: exit code=-1, command='dot', arguments='"C:/Users/kris/OneDrive/recherche Biome/01 - code/code/docs/html/_style_8h__incl.dot" -Tpng -o "C:/Users/kris/OneDrive/recherche Biome/01 - code/code/docs/html/_style_8h__incl.png"'
error: Problems running dot: exit code=-1, command='dot', arguments='"C:/Users/kris/OneDrive/recherche Biome/01 - code/code/docs/html/_plante_verte_8h__incl.dot" -Tpng -o "C:/Users/kris/OneDrive/recherche Biome/01 - code/code/docs/html/_plante_verte_8h__incl.png"'
error: Problems running dot: exit code=-1, command='dot', arguments='"C:/Users/kris/OneDrive/recherche Biome/01 - code/code/docs/html/_utilitaires_8cpp__incl.dot" -Tpng -o "C:/Users/kris/OneDrive/recherche Biome/01 - code/code/docs/html/_utilitaires_8cpp__incl.png"'
error: Problems running dot: exit code=-1, command='dot', arguments='"C:/Users/kris/OneDrive/recherche Biome/01 - code/code/docs/html/_vue_8h__incl.dot" -Tpng -o "C:/Users/kris/OneDrive/recherche Biome/01 - code/code/docs/html/_vue_8h__incl.png"'
error: Problems running dot: exit code=-1, command='dot', arguments='"C:/Users/kris/OneDrive/recherche Biome/01 - code/code/docs/html/_utilitaires_8h__dep__incl.dot" -Tpng -o "C:/Users/kris/OneDrive/recherche Biome/01 - code/code/docs/html/_utilitaires_8h__dep__incl.png"'
error: Problems running dot: exit code=-1, command='dot', arguments='"C:/Users/kris/OneDrive/recherche Biome/01 - code/code/docs/html/_vue_8cpp__incl.dot" -Tpng -o "C:/Users/kris/OneDrive/recherche Biome/01 - code/code/docs/html/_vue_8cpp__incl.png"'
error: Problems running dot: exit code=-1, command='dot', arguments='"C:/Users/kris/OneDrive/recherche Biome/01 - code/code/docs/html/_utilitaires_8h__incl.dot" -Tpng -o "C:/Users/kris/OneDrive/recherche Biome/01 - code/code/docs/html/_utilitaires_8h__incl.png"'
error: Problems running dot: exit code=-1, command='dot', arguments='"C:/Users/kris/OneDrive/recherche Biome/01 - code/code/docs/html/classapp_1_1_application_a3c480be05f51b91e648b2f6533a32f1b_cgraph.dot" -Tpng -o "C:/Users/kris/OneDrive/recherche Biome/01 - code/code/docs/html/classapp_1_1_application_a3c480be05f51b91e648b2f6533a32f1b_cgraph.png"'
error: Problems running dot: exit code=-1, command='dot', arguments='"C:/Users/kris/OneDrive/recherche Biome/01 - code/code/docs/html/_vue_8h__dep__incl.dot" -Tpng -o "C:/Users/kris/OneDrive/recherche Biome/01 - code/code/docs/html/_vue_8h__dep__incl.png"'
error: Problems running dot: exit code=-1, command='dot', arguments='"C:/Users/kris/OneDrive/recherche Biome/01 - code/code/docs/html/classapp_1_1_application_ad10d5a33f82b7fc224e3d0c7c8bf57b2_cgraph.dot" -Tpng -o "C:/Users/kris/OneDrive/recherche Biome/01 - code/code/docs/html/classapp_1_1_application_ad10d5a33f82b7fc224e3d0c7c8bf57b2_cgraph.png"'
error: Problems running dot: exit code=-1, command='dot', arguments='"C:/Users/kris/OneDrive/recherche Biome/01 - code/code/docs/html/_style_8h__dep__incl.dot" -Tpng -o "C:/Users/kris/OneDrive/recherche Biome/01 - code/code/docs/html/_style_8h__dep__incl.png"'
error: Problems running dot: exit code=-1, command='dot', arguments='"C:/Users/kris/OneDrive/recherche Biome/01 - code/code/docs/html/classapp_1_1_application_a266215c22bb94757ac0b338a3abc3daa_cgraph.dot" -Tpng -o "C:/Users/kris/OneDrive/recherche Biome/01 - code/code/docs/html/classapp_1_1_application_a266215c22bb94757ac0b338a3abc3daa_cgraph.png"'
error: Problems running dot: exit code=-1, command='dot', arguments='"C:/Users/kris/OneDrive/recherche Biome/01 - code/code/docs/html/classapp_1_1_application_ace29cf983643a2cc74cb52b19483620d_cgraph.dot" -Tpng -o "C:/Users/kris/OneDrive/recherche Biome/01 - code/code/docs/html/classapp_1_1_application_ace29cf983643a2cc74cb52b19483620d_cgraph.png"'
error: Problems running dot: exit code=-1, command='dot', arguments='"C:/Users/kris/OneDrive/recherche Biome/01 - code/code/docs/html/classapp_1_1_application_addde1f674adf0f1d2cc4697e36f7c9e3_cgraph.dot" -Tpng -o "C:/Users/kris/OneDrive/recherche Biome/01 - code/code/docs/html/classapp_1_1_application_addde1f674adf0f1d2cc4697e36f7c9e3_cgraph.png"'
error: Problems running dot: exit code=-1, command='dot', arguments='"C:/Users/kris/OneDrive/recherche Biome/01 - code/code/docs/html/classapp_1_1_application_ae375e0fdeb21265f93cff8958a26f95d_cgraph.dot" -Tpng -o "C:/Users/kris/OneDrive/recherche Biome/01 - code/code/docs/html/classapp_1_1_application_ae375e0fdeb21265f93cff8958a26f95d_cgraph.png"'
error: Problems running dot: exit code=-1, command='dot', arguments='"C:/Users/kris/OneDrive/recherche Biome/01 - code/code/docs/html/classapp_1_1_ecran__coll__graph.dot" -Tpng -o "C:/Users/kris/OneDrive/recherche Biome/01 - code/code/docs/html/classapp_1_1_ecran__coll__graph.png"'
error: Problems running dot: exit code=-1, command='dot', arguments='"C:/Users/kris/OneDrive/recherche Biome/01 - code/code/docs/html/classapp_1_1_application_aee4bdeeb44c6b2a943acc8e651b0ff83_cgraph.dot" -Tpng -o "C:/Users/kris/OneDrive/recherche Biome/01 - code/code/docs/html/classapp_1_1_application_aee4bdeeb44c6b2a943acc8e651b0ff83_cgraph.png"'
error: Problems running dot: exit code=-1, command='dot', arguments='"C:/Users/kris/OneDrive/recherche Biome/01 - code/code/docs/html/classapp_1_1_application_a03b3bac56e523faa9669622eadd237f8_cgraph.dot" -Tpng -o "C:/Users/kris/OneDrive/recherche Biome/01 - code/code/docs/html/classapp_1_1_application_a03b3bac56e523faa9669622eadd237f8_cgraph.png"'
error: Problems running dot: exit code=-1, command='dot', arguments='"C:/Users/kris/OneDrive/recherche Biome/01 - code/code/docs/html/classapp_1_1_application__coll__graph.dot" -Tpng -o "C:/Users/kris/OneDrive/recherche Biome/01 - code/code/docs/html/classapp_1_1_application__coll__graph.png"'
error: Problems running dot: exit code=-1, command='dot', arguments='"C:/Users/kris/OneDrive/recherche Biome/01 - code/code/docs/html/classapp_1_1_ecran__inherit__graph.dot" -Tpng -o "C:/Users/kris/OneDrive/recherche Biome/01 - code/code/docs/html/classapp_1_1_ecran__inherit__graph.png"'
error: Problems running dot: exit code=-1, command='dot', arguments='"C:/Users/kris/OneDrive/recherche Biome/01 - code/code/docs/html/classapp_1_1_application_a6cbc17d5a777730d7811e874182fd11a_cgraph.dot" -Tpng -o "C:/Users/kris/OneDrive/recherche Biome/01 - code/code/docs/html/classapp_1_1_application_a6cbc17d5a777730d7811e874182fd11a_cgraph.png"'
error: Problems running dot: exit code=-1, command='dot', arguments='"C:/Users/kris/OneDrive/recherche Biome/01 - code/code/docs/html/classapp_1_1_ecran_jeu__inherit__graph.dot" -Tpng -o "C:/Users/kris/OneDrive/recherche Biome/01 - code/code/docs/html/classapp_1_1_ecran_jeu__inherit__graph.png"'
error: Problems running dot: exit code=-1, command='dot', arguments='"C:/Users/kris/OneDrive/recherche Biome/01 - code/code/docs/html/classapp_1_1_ecran_accueil__coll__graph.dot" -Tpng -o "C:/Users/kris/OneDrive/recherche Biome/01 - code/code/docs/html/classapp_1_1_ecran_accueil__coll__graph.png"'
error: Problems running dot: exit code=-1, command='dot', arguments='"C:/Users/kris/OneDrive/recherche Biome/01 - code/code/docs/html/classapp_1_1_ecran_jeu_a6c2d5e0c9a600e92eb9bf5fef009729d_cgraph.dot" -Tpng -o "C:/Users/kris/OneDrive/recherche Biome/01 - code/code/docs/html/classapp_1_1_ecran_jeu_a6c2d5e0c9a600e92eb9bf5fef009729d_cgraph.png"'
error: Problems running dot: exit code=-1, command='dot', arguments='"C:/Users/kris/OneDrive/recherche Biome/01 - code/code/docs/html/classapp_1_1_ecran_jeu_a9c61dc5b68650156f7380fe0739c4622_cgraph.dot" -Tpng -o "C:/Users/kris/OneDrive/recherche Biome/01 - code/code/docs/html/classapp_1_1_ecran_jeu_a9c61dc5b68650156f7380fe0739c4622_cgraph.png"'
error: Problems running dot: exit code=-1, command='dot', arguments='"C:/Users/kris/OneDrive/recherche Biome/01 - code/code/docs/html/classapp_1_1_ecran_accueil_a93a5b60b2f0d7e114bd5e2105650df03_cgraph.dot" -Tpng -o "C:/Users/kris/OneDrive/recherche Biome/01 - code/code/docs/html/classapp_1_1_ecran_accueil_a93a5b60b2f0d7e114bd5e2105650df03_cgraph.png"'
error: Problems running dot: exit code=-1, command='dot', arguments='"C:/Users/kris/OneDrive/recherche Biome/01 - code/code/docs/html/classapp_1_1_ecran_accueil_a7b781fae43e45039ea5c0bbf96410cb8_cgraph.dot" -Tpng -o "C:/Users/kris/OneDrive/recherche Biome/01 - code/code/docs/html/classapp_1_1_ecran_accueil_a7b781fae43e45039ea5c0bbf96410cb8_cgraph.png"'
error: Problems running dot: exit code=-1, command='dot', arguments='"C:/Users/kris/OneDrive/recherche Biome/01 - code/code/docs/html/classapp_1_1_config_a48395c7e382fb68f5283676847b4fb58_cgraph.dot" -Tpng -o "C:/Users/kris/OneDrive/recherche Biome/01 - code/code/docs/html/classapp_1_1_config_a48395c7e382fb68f5283676847b4fb58_cgraph.png"'
error: Problems running dot: exit code=-1, command='dot', arguments='"C:/Users/kris/OneDrive/recherche Biome/01 - code/code/docs/html/classapp_1_1_gestion__ecrans_addd582c82b53c7c142d23dbee83c5bbd_cgraph.dot" -Tpng -o "C:/Users/kris/OneDrive/recherche Biome/01 - code/code/docs/html/classapp_1_1_gestion__ecrans_addd582c82b53c7c142d23dbee83c5bbd_cgraph.png"'
error: Problems running dot: exit code=-1, command='dot', arguments='"C:/Users/kris/OneDrive/recherche Biome/01 - code/code/docs/html/classgui_1_1_bouton__coll__graph.dot" -Tpng -o "C:/Users/kris/OneDrive/recherche Biome/01 - code/code/docs/html/classgui_1_1_bouton__coll__graph.png"'
error: Problems running dot: exit code=-1, command='dot', arguments='"C:/Users/kris/OneDrive/recherche Biome/01 - code/code/docs/html/classapp_1_1_ecran_accueil_a0fd3aaa6c37ad943764e02a38c165653_cgraph.dot" -Tpng -o "C:/Users/kris/OneDrive/recherche Biome/01 - code/code/docs/html/classapp_1_1_ecran_accueil_a0fd3aaa6c37ad943764e02a38c165653_cgraph.png"'
error: Problems running dot: exit code=-1, command='dot', arguments='"C:/Users/kris/OneDrive/recherche Biome/01 - code/code/docs/html/classapp_1_1_ecran_accueil__inherit__graph.dot" -Tpng -o "C:/Users/kris/OneDrive/recherche Biome/01 - code/code/docs/html/classapp_1_1_ecran_accueil__inherit__graph.png"'
error: Problems running dot: exit code=-1, command='dot', arguments='"C:/Users/kris/OneDrive/recherche Biome/01 - code/code/docs/html/classapp_1_1_ecran_jeu__coll__graph.dot" -Tpng -o "C:/Users/kris/OneDrive/recherche Biome/01 - code/code/docs/html/classapp_1_1_ecran_jeu__coll__graph.png"'
error: Problems running dot: exit code=-1, command='dot', arguments='"C:/Users/kris/OneDrive/recherche Biome/01 - code/code/docs/html/classgui_1_1_gadget_a9618784a15aedf679d52dfe46d5b6cb7_cgraph.dot" -Tpng -o "C:/Users/kris/OneDrive/recherche Biome/01 - code/code/docs/html/classgui_1_1_gadget_a9618784a15aedf679d52dfe46d5b6cb7_cgraph.png"'
error: Problems running dot: exit code=-1, command='dot', arguments='"C:/Users/kris/OneDrive/recherche Biome/01 - code/code/docs/html/classgui_1_1_gadget__inherit__graph.dot" -Tpng -o "C:/Users/kris/OneDrive/recherche Biome/01 - code/code/docs/html/classgui_1_1_gadget__inherit__graph.png"'
error: Problems running dot: exit code=-1, command='dot', arguments='"C:/Users/kris/OneDrive/recherche Biome/01 - code/code/docs/html/classgui_1_1_fenetre__inherit__graph.dot" -Tpng -o "C:/Users/kris/OneDrive/recherche Biome/01 - code/code/docs/html/classgui_1_1_fenetre__inherit__graph.png"'
error: Problems running dot: exit code=-1, command='dot', arguments='"C:/Users/kris/OneDrive/recherche Biome/01 - code/code/docs/html/classgui_1_1_fenetre__coll__graph.dot" -Tpng -o "C:/Users/kris/OneDrive/recherche Biome/01 - code/code/docs/html/classgui_1_1_fenetre__coll__graph.png"'
error: Problems running dot: exit code=-1, command='dot', arguments='"C:/Users/kris/OneDrive/recherche Biome/01 - code/code/docs/html/classgui_1_1_gadget__coll__graph.dot" -Tpng -o "C:/Users/kris/OneDrive/recherche Biome/01 - code/code/docs/html/classgui_1_1_gadget__coll__graph.png"'
error: Problems running dot: exit code=-1, command='dot', arguments='"C:/Users/kris/OneDrive/recherche Biome/01 - code/code/docs/html/classgui_1_1_interface_pheromones__coll__graph.dot" -Tpng -o "C:/Users/kris/OneDrive/recherche Biome/01 - code/code/docs/html/classgui_1_1_interface_pheromones__coll__graph.png"'
error: Problems running dot: exit code=-1, command='dot', arguments='"C:/Users/kris/OneDrive/recherche Biome/01 - code/code/docs/html/classapp_1_1_gestion__ecrans_a1c7fab33cf6489b092a482bae4b266f7_cgraph.dot" -Tpng -o "C:/Users/kris/OneDrive/recherche Biome/01 - code/code/docs/html/classapp_1_1_gestion__ecrans_a1c7fab33cf6489b092a482bae4b266f7_cgraph.png"'
error: Problems running dot: exit code=-1, command='dot', arguments='"C:/Users/kris/OneDrive/recherche Biome/01 - code/code/docs/html/classgui_1_1_label__coll__graph.dot" -Tpng -o "C:/Users/kris/OneDrive/recherche Biome/01 - code/code/docs/html/classgui_1_1_label__coll__graph.png"'
error: Problems running dot: exit code=-1, command='dot', arguments='"C:/Users/kris/OneDrive/recherche Biome/01 - code/code/docs/html/classgui_1_1_gui__inherit__graph.dot" -Tpng -o "C:/Users/kris/OneDrive/recherche Biome/01 - code/code/docs/html/classgui_1_1_gui__inherit__graph.png"'
error: Problems running dot: exit code=-1, command='dot', arguments='"C:/Users/kris/OneDrive/recherche Biome/01 - code/code/docs/html/classgui_1_1_style_a8d973882ecae76cd464d8d539c9e05aa_cgraph.dot" -Tpng -o "C:/Users/kris/OneDrive/recherche Biome/01 - code/code/docs/html/classgui_1_1_style_a8d973882ecae76cd464d8d539c9e05aa_cgraph.png"'
error: Problems running dot: exit code=-1, command='dot', arguments='"C:/Users/kris/OneDrive/recherche Biome/01 - code/code/docs/html/classgui_1_1_image__inherit__graph.dot" -Tpng -o "C:/Users/kris/OneDrive/recherche Biome/01 - code/code/docs/html/classgui_1_1_image__inherit__graph.png"'
error: Problems running dot: exit code=-1, command='dot', arguments='"C:/Users/kris/OneDrive/recherche Biome/01 - code/code/docs/html/classgui_1_1_gui__coll__graph.dot" -Tpng -o "C:/Users/kris/OneDrive/recherche Biome/01 - code/code/docs/html/classgui_1_1_gui__coll__graph.png"'
error: Problems running dot: exit code=-1, command='dot', arguments='"C:/Users/kris/OneDrive/recherche Biome/01 - code/code/docs/html/classgui_1_1_bouton__inherit__graph.dot" -Tpng -o "C:/Users/kris/OneDrive/recherche Biome/01 - code/code/docs/html/classgui_1_1_bouton__inherit__graph.png"'
error: Problems running dot: exit code=-1, command='dot', arguments='"C:/Users/kris/OneDrive/recherche Biome/01 - code/code/docs/html/classjeu_1_1_jeu__coll__graph.dot" -Tpng -o "C:/Users/kris/OneDrive/recherche Biome/01 - code/code/docs/html/classjeu_1_1_jeu__coll__graph.png"'
error: Problems running dot: exit code=-1, command='dot', arguments='"C:/Users/kris/OneDrive/recherche Biome/01 - code/code/docs/html/classjeu_1_1_etage__coll__graph.dot" -Tpng -o "C:/Users/kris/OneDrive/recherche Biome/01 - code/code/docs/html/classjeu_1_1_etage__coll__graph.png"'
error: Problems running dot: exit code=-1, command='dot', arguments='"C:/Users/kris/OneDrive/recherche Biome/01 - code/code/docs/html/classjeu_1_1_etage__inherit__graph.dot" -Tpng -o "C:/Users/kris/OneDrive/recherche Biome/01 - code/code/docs/html/classjeu_1_1_etage__inherit__graph.png"'
error: Problems running dot: exit code=-1, command='dot', arguments='"C:/Users/kris/OneDrive/recherche Biome/01 - code/code/docs/html/classgui_1_1_vue__coll__graph.dot" -Tpng -o "C:/Users/kris/OneDrive/recherche Biome/01 - code/code/docs/html/classgui_1_1_vue__coll__graph.png"'
error: Problems running dot: exit code=-1, command='dot', arguments='"C:/Users/kris/OneDrive/recherche Biome/01 - code/code/docs/html/classgui_1_1_image__coll__graph.dot" -Tpng -o "C:/Users/kris/OneDrive/recherche Biome/01 - code/code/docs/html/classgui_1_1_image__coll__graph.png"'
error: Problems running dot: exit code=-1, command='dot', arguments='"C:/Users/kris/OneDrive/recherche Biome/01 - code/code/docs/html/classgui_1_1_label__inherit__graph.dot" -Tpng -o "C:/Users/kris/OneDrive/recherche Biome/01 - code/code/docs/html/classgui_1_1_label__inherit__graph.png"'
error: Problems running dot: exit code=-1, command='dot', arguments='"C:/Users/kris/OneDrive/recherche Biome/01 - code/code/docs/html/classjeu_1_1_terrain__coll__graph.dot" -Tpng -o "C:/Users/kris/OneDrive/recherche Biome/01 - code/code/docs/html/classjeu_1_1_terrain__coll__graph.png"'
error: Problems running dot: exit code=-1, command='dot', arguments='"C:/Users/kris/OneDrive/recherche Biome/01 - code/code/docs/html/graph_legend.dot" -Tpng -o "C:/Users/kris/OneDrive/recherche Biome/01 - code/code/docs/html/graph_legend.png"'
error: Problems running dot: exit code=-1, command='dot', arguments='"C:/Users/kris/OneDrive/recherche Biome/01 - code/code/docs/html/classjeu_1_1_plante_verte__coll__graph.dot" -Tpng -o "C:/Users/kris/OneDrive/recherche Biome/01 - code/code/docs/html/classjeu_1_1_plante_verte__coll__graph.png"'
error: Problems running dot: exit code=-1, command='dot', arguments='"C:/Users/kris/OneDrive/recherche Biome/01 - code/code/docs/html/dir_13f1635eb17ba2d1bda91474df4b8fbf_dep.dot" -Tpng -o "C:/Users/kris/OneDrive/recherche Biome/01 - code/code/docs/html/dir_13f1635eb17ba2d1bda91474df4b8fbf_dep.png"'
error: Problems running dot: exit code=-1, command='dot', arguments='"C:/Users/kris/OneDrive/recherche Biome/01 - code/code/docs/html/dir_e0358624994151692187c846e64afed2_dep.dot" -Tpng -o "C:/Users/kris/OneDrive/recherche Biome/01 - code/code/docs/html/dir_e0358624994151692187c846e64afed2_dep.png"'
error: Problems running dot: exit code=-1, command='dot', arguments='"C:/Users/kris/OneDrive/recherche Biome/01 - code/code/docs/html/classjeu_1_1_plante_verte__inherit__graph.dot" -Tpng -o "C:/Users/kris/OneDrive/recherche Biome/01 - code/code/docs/html/classjeu_1_1_plante_verte__inherit__graph.png"'
error: Problems running dot: exit code=-1, command='dot', arguments='"C:/Users/kris/OneDrive/recherche Biome/01 - code/code/docs/html/classjeu_1_1_jeu__inherit__graph.dot" -Tpng -o "C:/Users/kris/OneDrive/recherche Biome/01 - code/code/docs/html/classjeu_1_1_jeu__inherit__graph.png"'
error: Problems running dot: exit code=-1, command='dot', arguments='"C:/Users/kris/OneDrive/recherche Biome/01 - code/code/docs/html/classgui_1_1_vue__inherit__graph.dot" -Tpng -o "C:/Users/kris/OneDrive/recherche Biome/01 - code/code/docs/html/classgui_1_1_vue__inherit__graph.png"'
error: Problems running dot: exit code=-1, command='dot', arguments='"C:/Users/kris/OneDrive/recherche Biome/01 - code/code/docs/html/classgui_1_1_interface_pheromones__inherit__graph.dot" -Tpng -o "C:/Users/kris/OneDrive/recherche Biome/01 - code/code/docs/html/classgui_1_1_interface_pheromones__inherit__graph.png"'
error: Problems running dot: exit code=-1, command='dot', arguments='"C:/Users/kris/OneDrive/recherche Biome/01 - code/code/docs/html/dir_d44c64559bbebec7f509842c48db8b23_dep.dot" -Tpng -o "C:/Users/kris/OneDrive/recherche Biome/01 - code/code/docs/html/dir_d44c64559bbebec7f509842c48db8b23_dep.png"'
error: Problems running dot: exit code=-1, command='dot', arguments='"C:/Users/kris/OneDrive/recherche Biome/01 - code/code/docs/html/classjeu_1_1_terrain_ae90b77e2d23cd2087df1c15bb23106f9_cgraph.dot" -Tpng -o "C:/Users/kris/OneDrive/recherche Biome/01 - code/code/docs/html/classjeu_1_1_terrain_ae90b77e2d23cd2087df1c15bb23106f9_cgraph.png"'
error: Problems running dot: exit code=-1, command='dot', arguments='"C:/Users/kris/OneDrive/recherche Biome/01 - code/code/docs/html/dir_99d0482cf009f9d97a0877749b817f19_dep.dot" -Tpng -o "C:/Users/kris/OneDrive/recherche Biome/01 - code/code/docs/html/dir_99d0482cf009f9d97a0877749b817f19_dep.png"'
error: Problems running dot: exit code=-1, command='dot', arguments='"C:/Users/kris/OneDrive/recherche Biome/01 - code/code/docs/html/dir_6628f942472c5d015b8c1d5edcf3e260_dep.dot" -Tpng -o "C:/Users/kris/OneDrive/recherche Biome/01 - code/code/docs/html/dir_6628f942472c5d015b8c1d5edcf3e260_dep.png"'
error: Problems running dot: exit code=-1, command='dot', arguments='"C:/Users/kris/OneDrive/recherche Biome/01 - code/code/docs/html/classjeu_1_1_terrain__inherit__graph.dot" -Tpng -o "C:/Users/kris/OneDrive/recherche Biome/01 - code/code/docs/html/classjeu_1_1_terrain__inherit__graph.png"'
error: Problems running dot: exit code=-1, command='dot', arguments='"C:/Users/kris/OneDrive/recherche Biome/01 - code/code/docs/html/dir_948951bef20ff08488ba5d71d7306f43_dep.dot" -Tpng -o "C:/Users/kris/OneDrive/recherche Biome/01 - code/code/docs/html/dir_948951bef20ff08488ba5d71d7306f43_dep.png"'
error: Problems running dot: exit code=-1, command='dot', arguments='"C:/Users/kris/OneDrive/recherche Biome/01 - code/code/docs/html/dir_e7a19e970db27507ea7fd9f14268b402_dep.dot" -Tpng -o "C:/Users/kris/OneDrive/recherche Biome/01 - code/code/docs/html/dir_e7a19e970db27507ea7fd9f14268b402_dep.png"'
error: Problems running dot: exit code=-1, command='dot', arguments='"C:/Users/kris/OneDrive/recherche Biome/01 - code/code/docs/html/inherit_graph_0.dot" -Tpng -o "C:/Users/kris/OneDrive/recherche Biome/01 - code/code/docs/html/inherit_graph_0.png"'
error: Problems running dot: exit code=-1, command='dot', arguments='"C:/Users/kris/OneDrive/recherche Biome/01 - code/code/docs/html/dir_7d8cee288858badfd992cdfe4c81526f_dep.dot" -Tpng -o "C:/Users/kris/OneDrive/recherche Biome/01 - code/code/docs/html/dir_7d8cee288858badfd992cdfe4c81526f_dep.png"'
error: Problems running dot: exit code=-1, command='dot', arguments='"C:/Users/kris/OneDrive/recherche Biome/01 - code/code/docs/html/inherit_graph_1.dot" -Tpng -o "C:/Users/kris/OneDrive/recherche Biome/01 - code/code/docs/html/inherit_graph_1.png"'
error: Problems running dot: exit code=-1, command='dot', arguments='"C:/Users/kris/OneDrive/recherche Biome/01 - code/code/docs/html/inherit_graph_5.dot" -Tpng -o "C:/Users/kris/OneDrive/recherche Biome/01 - code/code/docs/html/inherit_graph_5.png"'
error: Problems running dot: exit code=-1, command='dot', arguments='"C:/Users/kris/OneDrive/recherche Biome/01 - code/code/docs/html/inherit_graph_4.dot" -Tpng -o "C:/Users/kris/OneDrive/recherche Biome/01 - code/code/docs/html/inherit_graph_4.png"'
error: Problems running dot: exit code=-1, command='dot', arguments='"C:/Users/kris/OneDrive/recherche Biome/01 - code/code/docs/html/inherit_graph_6.dot" -Tpng -o "C:/Users/kris/OneDrive/recherche Biome/01 - code/code/docs/html/inherit_graph_6.png"'
error: Problems running dot: exit code=-1, command='dot', arguments='"C:/Users/kris/OneDrive/recherche Biome/01 - code/code/docs/html/inherit_graph_8.dot" -Tpng -o "C:/Users/kris/OneDrive/recherche Biome/01 - code/code/docs/html/inherit_graph_8.png"'
error: Problems running dot: exit code=-1, command='dot', arguments='"C:/Users/kris/OneDrive/recherche Biome/01 - code/code/docs/html/dir_68267d1309a1af8e8297ef4c3efbcdba_dep.dot" -Tpng -o "C:/Users/kris/OneDrive/recherche Biome/01 - code/code/docs/html/dir_68267d1309a1af8e8297ef4c3efbcdba_dep.png"'
error: Problems running dot: exit code=-1, command='dot', arguments='"C:/Users/kris/OneDrive/recherche Biome/01 - code/code/docs/html/inherit_graph_7.dot" -Tpng -o "C:/Users/kris/OneDrive/recherche Biome/01 - code/code/docs/html/inherit_graph_7.png"'
error: Problems running dot: exit code=-1, command='dot', arguments='"C:/Users/kris/OneDrive/recherche Biome/01 - code/code/docs/html/inherit_graph_3.dot" -Tpng -o "C:/Users/kris/OneDrive/recherche Biome/01 - code/code/docs/html/inherit_graph_3.png"'
error: Problems running dot: exit code=-1, command='dot', arguments='"C:/Users/kris/OneDrive/recherche Biome/01 - code/code/docs/html/inherit_graph_2.dot" -Tpng -o "C:/Users/kris/OneDrive/recherche Biome/01 - code/code/docs/html/inherit_graph_2.png"'
error: problems opening map file C:/Users/kris/OneDrive/recherche Biome/01 - code/code/docs/html/_application_8cpp__incl.map for inclusion in the docs!
If you installed Graphviz/dot after a previous failing run, 
try deleting the output directory and rerun doxygen.
error: problems opening map file C:/Users/kris/OneDrive/recherche Biome/01 - code/code/docs/html/_application_8h__incl.map for inclusion in the docs!
If you installed Graphviz/dot after a previous failing run, 
try deleting the output directory and rerun doxygen.
error: problems opening map file C:/Users/kris/OneDrive/recherche Biome/01 - code/code/docs/html/_application_8h__dep__incl.map for inclusion in the docs!
If you installed Graphviz/dot after a previous failing run, 
try deleting the output directory and rerun doxygen.
error: problems opening map file C:/Users/kris/OneDrive/recherche Biome/01 - code/code/docs/html/_bouton_8cpp__incl.map for inclusion in the docs!
If you installed Graphviz/dot after a previous failing run, 
try deleting the output directory and rerun doxygen.
error: problems opening map file C:/Users/kris/OneDrive/recherche Biome/01 - code/code/docs/html/_bouton_8h__incl.map for inclusion in the docs!
If you installed Graphviz/dot after a previous failing run, 
try deleting the output directory and rerun doxygen.
error: problems opening map file C:/Users/kris/OneDrive/recherche Biome/01 - code/code/docs/html/_bouton_8h__dep__incl.map for inclusion in the docs!
If you installed Graphviz/dot after a previous failing run, 
try deleting the output directory and rerun doxygen.
error: problems opening map file C:/Users/kris/OneDrive/recherche Biome/01 - code/code/docs/html/_config_8cpp__incl.map for inclusion in the docs!
If you installed Graphviz/dot after a previous failing run, 
try deleting the output directory and rerun doxygen.
error: problems opening map file C:/Users/kris/OneDrive/recherche Biome/01 - code/code/docs/html/_config_8h__incl.map for inclusion in the docs!
If you installed Graphviz/dot after a previous failing run, 
try deleting the output directory and rerun doxygen.
error: problems opening map file C:/Users/kris/OneDrive/recherche Biome/01 - code/code/docs/html/_config_8h__dep__incl.map for inclusion in the docs!
If you installed Graphviz/dot after a previous failing run, 
try deleting the output directory and rerun doxygen.
error: problems opening map file C:/Users/kris/OneDrive/recherche Biome/01 - code/code/docs/html/_ecran_8cpp__incl.map for inclusion in the docs!
If you installed Graphviz/dot after a previous failing run, 
try deleting the output directory and rerun doxygen.
error: problems opening map file C:/Users/kris/OneDrive/recherche Biome/01 - code/code/docs/html/_ecran_8h__incl.map for inclusion in the docs!
If you installed Graphviz/dot after a previous failing run, 
try deleting the output directory and rerun doxygen.
error: problems opening map file C:/Users/kris/OneDrive/recherche Biome/01 - code/code/docs/html/_ecran_8h__dep__incl.map for inclusion in the docs!
If you installed Graphviz/dot after a previous failing run, 
try deleting the output directory and rerun doxygen.
error: problems opening map file C:/Users/kris/OneDrive/recherche Biome/01 - code/code/docs/html/_ecran_accueil_8cpp__incl.map for inclusion in the docs!
If you installed Graphviz/dot after a previous failing run, 
try deleting the output directory and rerun doxygen.
error: problems opening map file C:/Users/kris/OneDrive/recherche Biome/01 - code/code/docs/html/_ecran_accueil_8h__incl.map for inclusion in the docs!
If you installed Graphviz/dot after a previous failing run, 
try deleting the output directory and rerun doxygen.
error: problems opening map file C:/Users/kris/OneDrive/recherche Biome/01 - code/code/docs/html/_ecran_accueil_8h__dep__incl.map for inclusion in the docs!
If you installed Graphviz/dot after a previous failing run, 
try deleting the output directory and rerun doxygen.
error: problems opening map file C:/Users/kris/OneDrive/recherche Biome/01 - code/code/docs/html/_ecran_jeu_8cpp__incl.map for inclusion in the docs!
If you installed Graphviz/dot after a previous failing run, 
try deleting the output directory and rerun doxygen.
error: problems opening map file C:/Users/kris/OneDrive/recherche Biome/01 - code/code/docs/html/_ecran_jeu_8h__incl.map for inclusion in the docs!
If you installed Graphviz/dot after a previous failing run, 
try deleting the output directory and rerun doxygen.
error: problems opening map file C:/Users/kris/OneDrive/recherche Biome/01 - code/code/docs/html/_ecran_jeu_8h__dep__incl.map for inclusion in the docs!
If you installed Graphviz/dot after a previous failing run, 
try deleting the output directory and rerun doxygen.
error: problems opening map file C:/Users/kris/OneDrive/recherche Biome/01 - code/code/docs/html/_etage_8cpp__incl.map for inclusion in the docs!
If you installed Graphviz/dot after a previous failing run, 
try deleting the output directory and rerun doxygen.
error: problems opening map file C:/Users/kris/OneDrive/recherche Biome/01 - code/code/docs/html/_etage_8h__incl.map for inclusion in the docs!
If you installed Graphviz/dot after a previous failing run, 
try deleting the output directory and rerun doxygen.
error: problems opening map file C:/Users/kris/OneDrive/recherche Biome/01 - code/code/docs/html/_etage_8h__dep__incl.map for inclusion in the docs!
If you installed Graphviz/dot after a previous failing run, 
try deleting the output directory and rerun doxygen.
error: problems opening map file C:/Users/kris/OneDrive/recherche Biome/01 - code/code/docs/html/_fabrique_8cpp__incl.map for inclusion in the docs!
If you installed Graphviz/dot after a previous failing run, 
try deleting the output directory and rerun doxygen.
error: problems opening map file C:/Users/kris/OneDrive/recherche Biome/01 - code/code/docs/html/_fabrique_8h__dep__incl.map for inclusion in the docs!
If you installed Graphviz/dot after a previous failing run, 
try deleting the output directory and rerun doxygen.
error: problems opening map file C:/Users/kris/OneDrive/recherche Biome/01 - code/code/docs/html/_fenetre_8cpp__incl.map for inclusion in the docs!
If you installed Graphviz/dot after a previous failing run, 
try deleting the output directory and rerun doxygen.
error: problems opening map file C:/Users/kris/OneDrive/recherche Biome/01 - code/code/docs/html/_fenetre_8h__incl.map for inclusion in the docs!
If you installed Graphviz/dot after a previous failing run, 
try deleting the output directory and rerun doxygen.
error: problems opening map file C:/Users/kris/OneDrive/recherche Biome/01 - code/code/docs/html/_fenetre_8h__dep__incl.map for inclusion in the docs!
If you installed Graphviz/dot after a previous failing run, 
try deleting the output directory and rerun doxygen.
error: problems opening map file C:/Users/kris/OneDrive/recherche Biome/01 - code/code/docs/html/_gadget_8cpp__incl.map for inclusion in the docs!
If you installed Graphviz/dot after a previous failing run, 
try deleting the output directory and rerun doxygen.
error: problems opening map file C:/Users/kris/OneDrive/recherche Biome/01 - code/code/docs/html/_gadget_8h__incl.map for inclusion in the docs!
If you installed Graphviz/dot after a previous failing run, 
try deleting the output directory and rerun doxygen.
error: problems opening map file C:/Users/kris/OneDrive/recherche Biome/01 - code/code/docs/html/_gadget_8h__dep__incl.map for inclusion in the docs!
If you installed Graphviz/dot after a previous failing run, 
try deleting the output directory and rerun doxygen.
error: problems opening map file C:/Users/kris/OneDrive/recherche Biome/01 - code/code/docs/html/_gestion__ecrans_8cpp__incl.map for inclusion in the docs!
If you installed Graphviz/dot after a previous failing run, 
try deleting the output directory and rerun doxygen.
error: problems opening map file C:/Users/kris/OneDrive/recherche Biome/01 - code/code/docs/html/_gestion__ecrans_8h__incl.map for inclusion in the docs!
If you installed Graphviz/dot after a previous failing run, 
try deleting the output directory and rerun doxygen.
error: problems opening map file C:/Users/kris/OneDrive/recherche Biome/01 - code/code/docs/html/_gestion__ecrans_8h__dep__incl.map for inclusion in the docs!
If you installed Graphviz/dot after a previous failing run, 
try deleting the output directory and rerun doxygen.
error: problems opening map file C:/Users/kris/OneDrive/recherche Biome/01 - code/code/docs/html/_gui_8cpp__incl.map for inclusion in the docs!
If you installed Graphviz/dot after a previous failing run, 
try deleting the output directory and rerun doxygen.
error: problems opening map file C:/Users/kris/OneDrive/recherche Biome/01 - code/code/docs/html/_gui_8h__incl.map for inclusion in the docs!
If you installed Graphviz/dot after a previous failing run, 
try deleting the output directory and rerun doxygen.
error: problems opening map file C:/Users/kris/OneDrive/recherche Biome/01 - code/code/docs/html/_gui_8h__dep__incl.map for inclusion in the docs!
If you installed Graphviz/dot after a previous failing run, 
try deleting the output directory and rerun doxygen.
error: problems opening map file C:/Users/kris/OneDrive/recherche Biome/01 - code/code/docs/html/_image_8cpp__incl.map for inclusion in the docs!
If you installed Graphviz/dot after a previous failing run, 
try deleting the output directory and rerun doxygen.
error: problems opening map file C:/Users/kris/OneDrive/recherche Biome/01 - code/code/docs/html/_image_8h__incl.map for inclusion in the docs!
If you installed Graphviz/dot after a previous failing run, 
try deleting the output directory and rerun doxygen.
error: problems opening map file C:/Users/kris/OneDrive/recherche Biome/01 - code/code/docs/html/_image_8h__dep__incl.map for inclusion in the docs!
If you installed Graphviz/dot after a previous failing run, 
try deleting the output directory and rerun doxygen.
error: problems opening map file C:/Users/kris/OneDrive/recherche Biome/01 - code/code/docs/html/_interface_pheromones_8cpp__incl.map for inclusion in the docs!
If you installed Graphviz/dot after a previous failing run, 
try deleting the output directory and rerun doxygen.
error: problems opening map file C:/Users/kris/OneDrive/recherche Biome/01 - code/code/docs/html/_interface_pheromones_8h__incl.map for inclusion in the docs!
If you installed Graphviz/dot after a previous failing run, 
try deleting the output directory and rerun doxygen.
error: problems opening map file C:/Users/kris/OneDrive/recherche Biome/01 - code/code/docs/html/_interface_pheromones_8h__dep__incl.map for inclusion in the docs!
If you installed Graphviz/dot after a previous failing run, 
try deleting the output directory and rerun doxygen.
error: problems opening map file C:/Users/kris/OneDrive/recherche Biome/01 - code/code/docs/html/_jeu_8cpp__incl.map for inclusion in the docs!
If you installed Graphviz/dot after a previous failing run, 
try deleting the output directory and rerun doxygen.
error: problems opening map file C:/Users/kris/OneDrive/recherche Biome/01 - code/code/docs/html/_jeu_8h__incl.map for inclusion in the docs!
If you installed Graphviz/dot after a previous failing run, 
try deleting the output directory and rerun doxygen.
error: problems opening map file C:/Users/kris/OneDrive/recherche Biome/01 - code/code/docs/html/_jeu_8h__dep__incl.map for inclusion in the docs!
If you installed Graphviz/dot after a previous failing run, 
try deleting the output directory and rerun doxygen.
error: problems opening map file C:/Users/kris/OneDrive/recherche Biome/01 - code/code/docs/html/_label_8cpp__incl.map for inclusion in the docs!
If you installed Graphviz/dot after a previous failing run, 
try deleting the output directory and rerun doxygen.
error: problems opening map file C:/Users/kris/OneDrive/recherche Biome/01 - code/code/docs/html/_label_8h__incl.map for inclusion in the docs!
If you installed Graphviz/dot after a previous failing run, 
try deleting the output directory and rerun doxygen.
error: problems opening map file C:/Users/kris/OneDrive/recherche Biome/01 - code/code/docs/html/_label_8h__dep__incl.map for inclusion in the docs!
If you installed Graphviz/dot after a previous failing run, 
try deleting the output directory and rerun doxygen.
error: problems opening map file C:/Users/kris/OneDrive/recherche Biome/01 - code/code/docs/html/main_8cpp__incl.map for inclusion in the docs!
If you installed Graphviz/dot after a previous failing run, 
try deleting the output directory and rerun doxygen.
error: problems opening map file C:/Users/kris/OneDrive/recherche Biome/01 - code/code/docs/html/main_8cpp_ae66f6b31b5ad750f1fe042a706a4e3d4_cgraph.map for inclusion in the docs!
If you installed Graphviz/dot after a previous failing run, 
try deleting the output directory and rerun doxygen.
error: problems opening map file C:/Users/kris/OneDrive/recherche Biome/01 - code/code/docs/html/_plante_verte_8cpp__incl.map for inclusion in the docs!
If you installed Graphviz/dot after a previous failing run, 
try deleting the output directory and rerun doxygen.
error: problems opening map file C:/Users/kris/OneDrive/recherche Biome/01 - code/code/docs/html/_plante_verte_8h__incl.map for inclusion in the docs!
If you installed Graphviz/dot after a previous failing run, 
try deleting the output directory and rerun doxygen.
error: problems opening map file C:/Users/kris/OneDrive/recherche Biome/01 - code/code/docs/html/_plante_verte_8h__dep__incl.map for inclusion in the docs!
If you installed Graphviz/dot after a previous failing run, 
try deleting the output directory and rerun doxygen.
error: problems opening map file C:/Users/kris/OneDrive/recherche Biome/01 - code/code/docs/html/_resource_mgr_8h__incl.map for inclusion in the docs!
If you installed Graphviz/dot after a previous failing run, 
try deleting the output directory and rerun doxygen.
error: problems opening map file C:/Users/kris/OneDrive/recherche Biome/01 - code/code/docs/html/_resource_mgr_8h__dep__incl.map for inclusion in the docs!
If you installed Graphviz/dot after a previous failing run, 
try deleting the output directory and rerun doxygen.
error: problems opening map file C:/Users/kris/OneDrive/recherche Biome/01 - code/code/docs/html/_resource_mgr_8inl__incl.map for inclusion in the docs!
If you installed Graphviz/dot after a previous failing run, 
try deleting the output directory and rerun doxygen.
error: problems opening map file C:/Users/kris/OneDrive/recherche Biome/01 - code/code/docs/html/_resource_mgr_8inl__dep__incl.map for inclusion in the docs!
If you installed Graphviz/dot after a previous failing run, 
try deleting the output directory and rerun doxygen.
error: problems opening map file C:/Users/kris/OneDrive/recherche Biome/01 - code/code/docs/html/_style_8cpp__incl.map for inclusion in the docs!
If you installed Graphviz/dot after a previous failing run, 
try deleting the output directory and rerun doxygen.
error: problems opening map file C:/Users/kris/OneDrive/recherche Biome/01 - code/code/docs/html/_style_8h__incl.map for inclusion in the docs!
If you installed Graphviz/dot after a previous failing run, 
try deleting the output directory and rerun doxygen.
error: problems opening map file C:/Users/kris/OneDrive/recherche Biome/01 - code/code/docs/html/_style_8h__dep__incl.map for inclusion in the docs!
If you installed Graphviz/dot after a previous failing run, 
try deleting the output directory and rerun doxygen.
error: problems opening map file C:/Users/kris/OneDrive/recherche Biome/01 - code/code/docs/html/_terrain_8cpp__incl.map for inclusion in the docs!
If you installed Graphviz/dot after a previous failing run, 
try deleting the output directory and rerun doxygen.
error: problems opening map file C:/Users/kris/OneDrive/recherche Biome/01 - code/code/docs/html/_terrain_8h__incl.map for inclusion in the docs!
If you installed Graphviz/dot after a previous failing run, 
try deleting the output directory and rerun doxygen.
error: problems opening map file C:/Users/kris/OneDrive/recherche Biome/01 - code/code/docs/html/_terrain_8h__dep__incl.map for inclusion in the docs!
If you installed Graphviz/dot after a previous failing run, 
try deleting the output directory and rerun doxygen.
error: problems opening map file C:/Users/kris/OneDrive/recherche Biome/01 - code/code/docs/html/_utilitaires_8cpp__incl.map for inclusion in the docs!
If you installed Graphviz/dot after a previous failing run, 
try deleting the output directory and rerun doxygen.
error: problems opening map file C:/Users/kris/OneDrive/recherche Biome/01 - code/code/docs/html/_utilitaires_8h__incl.map for inclusion in the docs!
If you installed Graphviz/dot after a previous failing run, 
try deleting the output directory and rerun doxygen.
error: problems opening map file C:/Users/kris/OneDrive/recherche Biome/01 - code/code/docs/html/_utilitaires_8h__dep__incl.map for inclusion in the docs!
If you installed Graphviz/dot after a previous failing run, 
try deleting the output directory and rerun doxygen.
error: problems opening map file C:/Users/kris/OneDrive/recherche Biome/01 - code/code/docs/html/_vue_8cpp__incl.map for inclusion in the docs!
If you installed Graphviz/dot after a previous failing run, 
try deleting the output directory and rerun doxygen.
error: problems opening map file C:/Users/kris/OneDrive/recherche Biome/01 - code/code/docs/html/_vue_8h__incl.map for inclusion in the docs!
If you installed Graphviz/dot after a previous failing run, 
try deleting the output directory and rerun doxygen.
error: problems opening map file C:/Users/kris/OneDrive/recherche Biome/01 - code/code/docs/html/_vue_8h__dep__incl.map for inclusion in the docs!
If you installed Graphviz/dot after a previous failing run, 
try deleting the output directory and rerun doxygen.
error: problems opening map file C:/Users/kris/OneDrive/recherche Biome/01 - code/code/docs/html/classapp_1_1_application__coll__graph.map for inclusion in the docs!
If you installed Graphviz/dot after a previous failing run, 
try deleting the output directory and rerun doxygen.
error: problems opening map file C:/Users/kris/OneDrive/recherche Biome/01 - code/code/docs/html/classapp_1_1_application_a3c480be05f51b91e648b2f6533a32f1b_cgraph.map for inclusion in the docs!
If you installed Graphviz/dot after a previous failing run, 
try deleting the output directory and rerun doxygen.
error: problems opening map file C:/Users/kris/OneDrive/recherche Biome/01 - code/code/docs/html/classapp_1_1_application_addde1f674adf0f1d2cc4697e36f7c9e3_cgraph.map for inclusion in the docs!
If you installed Graphviz/dot after a previous failing run, 
try deleting the output directory and rerun doxygen.
error: problems opening map file C:/Users/kris/OneDrive/recherche Biome/01 - code/code/docs/html/classapp_1_1_application_ad10d5a33f82b7fc224e3d0c7c8bf57b2_cgraph.map for inclusion in the docs!
If you installed Graphviz/dot after a previous failing run, 
try deleting the output directory and rerun doxygen.
error: problems opening map file C:/Users/kris/OneDrive/recherche Biome/01 - code/code/docs/html/classapp_1_1_application_a266215c22bb94757ac0b338a3abc3daa_cgraph.map for inclusion in the docs!
If you installed Graphviz/dot after a previous failing run, 
try deleting the output directory and rerun doxygen.
error: problems opening map file C:/Users/kris/OneDrive/recherche Biome/01 - code/code/docs/html/classapp_1_1_application_ace29cf983643a2cc74cb52b19483620d_cgraph.map for inclusion in the docs!
If you installed Graphviz/dot after a previous failing run, 
try deleting the output directory and rerun doxygen.
error: problems opening map file C:/Users/kris/OneDrive/recherche Biome/01 - code/code/docs/html/classapp_1_1_application_a03b3bac56e523faa9669622eadd237f8_cgraph.map for inclusion in the docs!
If you installed Graphviz/dot after a previous failing run, 
try deleting the output directory and rerun doxygen.
error: problems opening map file C:/Users/kris/OneDrive/recherche Biome/01 - code/code/docs/html/classapp_1_1_application_ae375e0fdeb21265f93cff8958a26f95d_cgraph.map for inclusion in the docs!
If you installed Graphviz/dot after a previous failing run, 
try deleting the output directory and rerun doxygen.
error: problems opening map file C:/Users/kris/OneDrive/recherche Biome/01 - code/code/docs/html/classapp_1_1_application_a6cbc17d5a777730d7811e874182fd11a_cgraph.map for inclusion in the docs!
If you installed Graphviz/dot after a previous failing run, 
try deleting the output directory and rerun doxygen.
error: problems opening map file C:/Users/kris/OneDrive/recherche Biome/01 - code/code/docs/html/classapp_1_1_application_aee4bdeeb44c6b2a943acc8e651b0ff83_cgraph.map for inclusion in the docs!
If you installed Graphviz/dot after a previous failing run, 
try deleting the output directory and rerun doxygen.
error: problems opening map file C:/Users/kris/OneDrive/recherche Biome/01 - code/code/docs/html/classapp_1_1_config_a48395c7e382fb68f5283676847b4fb58_cgraph.map for inclusion in the docs!
If you installed Graphviz/dot after a previous failing run, 
try deleting the output directory and rerun doxygen.
error: problems opening map file C:/Users/kris/OneDrive/recherche Biome/01 - code/code/docs/html/classapp_1_1_ecran__inherit__graph.map for inclusion in the docs!
If you installed Graphviz/dot after a previous failing run, 
try deleting the output directory and rerun doxygen.
error: problems opening map file C:/Users/kris/OneDrive/recherche Biome/01 - code/code/docs/html/classapp_1_1_ecran__coll__graph.map for inclusion in the docs!
If you installed Graphviz/dot after a previous failing run, 
try deleting the output directory and rerun doxygen.
error: problems opening map file C:/Users/kris/OneDrive/recherche Biome/01 - code/code/docs/html/classapp_1_1_ecran_accueil__inherit__graph.map for inclusion in the docs!
If you installed Graphviz/dot after a previous failing run, 
try deleting the output directory and rerun doxygen.
error: problems opening map file C:/Users/kris/OneDrive/recherche Biome/01 - code/code/docs/html/classapp_1_1_ecran_accueil__coll__graph.map for inclusion in the docs!
If you installed Graphviz/dot after a previous failing run, 
try deleting the output directory and rerun doxygen.
error: problems opening map file C:/Users/kris/OneDrive/recherche Biome/01 - code/code/docs/html/classapp_1_1_ecran_accueil_a7b781fae43e45039ea5c0bbf96410cb8_cgraph.map for inclusion in the docs!
If you installed Graphviz/dot after a previous failing run, 
try deleting the output directory and rerun doxygen.
error: problems opening map file C:/Users/kris/OneDrive/recherche Biome/01 - code/code/docs/html/classapp_1_1_ecran_accueil_a93a5b60b2f0d7e114bd5e2105650df03_cgraph.map for inclusion in the docs!
If you installed Graphviz/dot after a previous failing run, 
try deleting the output directory and rerun doxygen.
error: problems opening map file C:/Users/kris/OneDrive/recherche Biome/01 - code/code/docs/html/classapp_1_1_ecran_accueil_a0fd3aaa6c37ad943764e02a38c165653_cgraph.map for inclusion in the docs!
If you installed Graphviz/dot after a previous failing run, 
try deleting the output directory and rerun doxygen.
error: problems opening map file C:/Users/kris/OneDrive/recherche Biome/01 - code/code/docs/html/classapp_1_1_ecran_jeu__inherit__graph.map for inclusion in the docs!
If you installed Graphviz/dot after a previous failing run, 
try deleting the output directory and rerun doxygen.
error: problems opening map file C:/Users/kris/OneDrive/recherche Biome/01 - code/code/docs/html/classapp_1_1_ecran_jeu__coll__graph.map for inclusion in the docs!
If you installed Graphviz/dot after a previous failing run, 
try deleting the output directory and rerun doxygen.
error: problems opening map file C:/Users/kris/OneDrive/recherche Biome/01 - code/code/docs/html/classapp_1_1_ecran_jeu_a9c61dc5b68650156f7380fe0739c4622_cgraph.map for inclusion in the docs!
If you installed Graphviz/dot after a previous failing run, 
try deleting the output directory and rerun doxygen.
error: problems opening map file C:/Users/kris/OneDrive/recherche Biome/01 - code/code/docs/html/classapp_1_1_ecran_jeu_a6c2d5e0c9a600e92eb9bf5fef009729d_cgraph.map for inclusion in the docs!
If you installed Graphviz/dot after a previous failing run, 
try deleting the output directory and rerun doxygen.
error: problems opening map file C:/Users/kris/OneDrive/recherche Biome/01 - code/code/docs/html/classapp_1_1_gestion__ecrans_addd582c82b53c7c142d23dbee83c5bbd_cgraph.map for inclusion in the docs!
If you installed Graphviz/dot after a previous failing run, 
try deleting the output directory and rerun doxygen.
error: problems opening map file C:/Users/kris/OneDrive/recherche Biome/01 - code/code/docs/html/classapp_1_1_gestion__ecrans_a1c7fab33cf6489b092a482bae4b266f7_cgraph.map for inclusion in the docs!
If you installed Graphviz/dot after a previous failing run, 
try deleting the output directory and rerun doxygen.
error: problems opening map file C:/Users/kris/OneDrive/recherche Biome/01 - code/code/docs/html/classgui_1_1_bouton__inherit__graph.map for inclusion in the docs!
If you installed Graphviz/dot after a previous failing run, 
try deleting the output directory and rerun doxygen.
error: problems opening map file C:/Users/kris/OneDrive/recherche Biome/01 - code/code/docs/html/classgui_1_1_bouton__coll__graph.map for inclusion in the docs!
If you installed Graphviz/dot after a previous failing run, 
try deleting the output directory and rerun doxygen.
error: problems opening map file C:/Users/kris/OneDrive/recherche Biome/01 - code/code/docs/html/classgui_1_1_fenetre__inherit__graph.map for inclusion in the docs!
If you installed Graphviz/dot after a previous failing run, 
try deleting the output directory and rerun doxygen.
error: problems opening map file C:/Users/kris/OneDrive/recherche Biome/01 - code/code/docs/html/classgui_1_1_fenetre__coll__graph.map for inclusion in the docs!
If you installed Graphviz/dot after a previous failing run, 
try deleting the output directory and rerun doxygen.
error: problems opening map file C:/Users/kris/OneDrive/recherche Biome/01 - code/code/docs/html/classgui_1_1_gadget__inherit__graph.map for inclusion in the docs!
If you installed Graphviz/dot after a previous failing run, 
try deleting the output directory and rerun doxygen.
error: problems opening map file C:/Users/kris/OneDrive/recherche Biome/01 - code/code/docs/html/classgui_1_1_gadget__coll__graph.map for inclusion in the docs!
If you installed Graphviz/dot after a previous failing run, 
try deleting the output directory and rerun doxygen.
error: problems opening map file C:/Users/kris/OneDrive/recherche Biome/01 - code/code/docs/html/classgui_1_1_gadget_a9618784a15aedf679d52dfe46d5b6cb7_cgraph.map for inclusion in the docs!
If you installed Graphviz/dot after a previous failing run, 
try deleting the output directory and rerun doxygen.
error: problems opening map file C:/Users/kris/OneDrive/recherche Biome/01 - code/code/docs/html/classgui_1_1_gui__inherit__graph.map for inclusion in the docs!
If you installed Graphviz/dot after a previous failing run, 
try deleting the output directory and rerun doxygen.
error: problems opening map file C:/Users/kris/OneDrive/recherche Biome/01 - code/code/docs/html/classgui_1_1_gui__coll__graph.map for inclusion in the docs!
If you installed Graphviz/dot after a previous failing run, 
try deleting the output directory and rerun doxygen.
error: problems opening map file C:/Users/kris/OneDrive/recherche Biome/01 - code/code/docs/html/classgui_1_1_image__inherit__graph.map for inclusion in the docs!
If you installed Graphviz/dot after a previous failing run, 
try deleting the output directory and rerun doxygen.
error: problems opening map file C:/Users/kris/OneDrive/recherche Biome/01 - code/code/docs/html/classgui_1_1_image__coll__graph.map for inclusion in the docs!
If you installed Graphviz/dot after a previous failing run, 
try deleting the output directory and rerun doxygen.
error: problems opening map file C:/Users/kris/OneDrive/recherche Biome/01 - code/code/docs/html/classgui_1_1_interface_pheromones__inherit__graph.map for inclusion in the docs!
If you installed Graphviz/dot after a previous failing run, 
try deleting the output directory and rerun doxygen.
error: problems opening map file C:/Users/kris/OneDrive/recherche Biome/01 - code/code/docs/html/classgui_1_1_interface_pheromones__coll__graph.map for inclusion in the docs!
If you installed Graphviz/dot after a previous failing run, 
try deleting the output directory and rerun doxygen.
error: problems opening map file C:/Users/kris/OneDrive/recherche Biome/01 - code/code/docs/html/classgui_1_1_label__inherit__graph.map for inclusion in the docs!
If you installed Graphviz/dot after a previous failing run, 
try deleting the output directory and rerun doxygen.
error: problems opening map file C:/Users/kris/OneDrive/recherche Biome/01 - code/code/docs/html/classgui_1_1_label__coll__graph.map for inclusion in the docs!
If you installed Graphviz/dot after a previous failing run, 
try deleting the output directory and rerun doxygen.
error: problems opening map file C:/Users/kris/OneDrive/recherche Biome/01 - code/code/docs/html/classgui_1_1_style_a8d973882ecae76cd464d8d539c9e05aa_cgraph.map for inclusion in the docs!
If you installed Graphviz/dot after a previous failing run, 
try deleting the output directory and rerun doxygen.
error: problems opening map file C:/Users/kris/OneDrive/recherche Biome/01 - code/code/docs/html/classgui_1_1_vue__inherit__graph.map for inclusion in the docs!
If you installed Graphviz/dot after a previous failing run, 
try deleting the output directory and rerun doxygen.
error: problems opening map file C:/Users/kris/OneDrive/recherche Biome/01 - code/code/docs/html/classgui_1_1_vue__coll__graph.map for inclusion in the docs!
If you installed Graphviz/dot after a previous failing run, 
try deleting the output directory and rerun doxygen.
error: problems opening map file C:/Users/kris/OneDrive/recherche Biome/01 - code/code/docs/html/classjeu_1_1_etage__inherit__graph.map for inclusion in the docs!
If you installed Graphviz/dot after a previous failing run, 
try deleting the output directory and rerun doxygen.
error: problems opening map file C:/Users/kris/OneDrive/recherche Biome/01 - code/code/docs/html/classjeu_1_1_etage__coll__graph.map for inclusion in the docs!
If you installed Graphviz/dot after a previous failing run, 
try deleting the output directory and rerun doxygen.
error: problems opening map file C:/Users/kris/OneDrive/recherche Biome/01 - code/code/docs/html/classjeu_1_1_jeu__inherit__graph.map for inclusion in the docs!
If you installed Graphviz/dot after a previous failing run, 
try deleting the output directory and rerun doxygen.
error: problems opening map file C:/Users/kris/OneDrive/recherche Biome/01 - code/code/docs/html/classjeu_1_1_jeu__coll__graph.map for inclusion in the docs!
If you installed Graphviz/dot after a previous failing run, 
try deleting the output directory and rerun doxygen.
error: problems opening map file C:/Users/kris/OneDrive/recherche Biome/01 - code/code/docs/html/classjeu_1_1_plante_verte__inherit__graph.map for inclusion in the docs!
If you installed Graphviz/dot after a previous failing run, 
try deleting the output directory and rerun doxygen.
error: problems opening map file C:/Users/kris/OneDrive/recherche Biome/01 - code/code/docs/html/classjeu_1_1_plante_verte__coll__graph.map for inclusion in the docs!
If you installed Graphviz/dot after a previous failing run, 
try deleting the output directory and rerun doxygen.
error: problems opening map file C:/Users/kris/OneDrive/recherche Biome/01 - code/code/docs/html/classjeu_1_1_terrain__inherit__graph.map for inclusion in the docs!
If you installed Graphviz/dot after a previous failing run, 
try deleting the output directory and rerun doxygen.
error: problems opening map file C:/Users/kris/OneDrive/recherche Biome/01 - code/code/docs/html/classjeu_1_1_terrain__coll__graph.map for inclusion in the docs!
If you installed Graphviz/dot after a previous failing run, 
try deleting the output directory and rerun doxygen.
error: problems opening map file C:/Users/kris/OneDrive/recherche Biome/01 - code/code/docs/html/classjeu_1_1_terrain_ae90b77e2d23cd2087df1c15bb23106f9_cgraph.map for inclusion in the docs!
If you installed Graphviz/dot after a previous failing run, 
try deleting the output directory and rerun doxygen.
error: problems opening map file C:/Users/kris/OneDrive/recherche Biome/01 - code/code/docs/html/dir_13f1635eb17ba2d1bda91474df4b8fbf_dep.map for inclusion in the docs!
If you installed Graphviz/dot after a previous failing run, 
try deleting the output directory and rerun doxygen.
error: problems opening map file C:/Users/kris/OneDrive/recherche Biome/01 - code/code/docs/html/dir_6628f942472c5d015b8c1d5edcf3e260_dep.map for inclusion in the docs!
If you installed Graphviz/dot after a previous failing run, 
try deleting the output directory and rerun doxygen.
error: problems opening map file C:/Users/kris/OneDrive/recherche Biome/01 - code/code/docs/html/dir_e0358624994151692187c846e64afed2_dep.map for inclusion in the docs!
If you installed Graphviz/dot after a previous failing run, 
try deleting the output directory and rerun doxygen.
error: problems opening map file C:/Users/kris/OneDrive/recherche Biome/01 - code/code/docs/html/dir_948951bef20ff08488ba5d71d7306f43_dep.map for inclusion in the docs!
If you installed Graphviz/dot after a previous failing run, 
try deleting the output directory and rerun doxygen.
error: problems opening map file C:/Users/kris/OneDrive/recherche Biome/01 - code/code/docs/html/dir_99d0482cf009f9d97a0877749b817f19_dep.map for inclusion in the docs!
If you installed Graphviz/dot after a previous failing run, 
try deleting the output directory and rerun doxygen.
error: problems opening map file C:/Users/kris/OneDrive/recherche Biome/01 - code/code/docs/html/dir_d44c64559bbebec7f509842c48db8b23_dep.map for inclusion in the docs!
If you installed Graphviz/dot after a previous failing run, 
try deleting the output directory and rerun doxygen.
error: problems opening map file C:/Users/kris/OneDrive/recherche Biome/01 - code/code/docs/html/dir_e7a19e970db27507ea7fd9f14268b402_dep.map for inclusion in the docs!
If you installed Graphviz/dot after a previous failing run, 
try deleting the output directory and rerun doxygen.
error: problems opening map file C:/Users/kris/OneDrive/recherche Biome/01 - code/code/docs/html/dir_7d8cee288858badfd992cdfe4c81526f_dep.map for inclusion in the docs!
If you installed Graphviz/dot after a previous failing run, 
try deleting the output directory and rerun doxygen.
error: problems opening map file C:/Users/kris/OneDrive/recherche Biome/01 - code/code/docs/html/dir_68267d1309a1af8e8297ef4c3efbcdba_dep.map for inclusion in the docs!
If you installed Graphviz/dot after a previous failing run, 
try deleting the output directory and rerun doxygen.
error: problems opening map file C:/Users/kris/OneDrive/recherche Biome/01 - code/code/docs/html/inherit_graph_0.map for inclusion in the docs!
If you installed Graphviz/dot after a previous failing run, 
try deleting the output directory and rerun doxygen.
error: problems opening map file C:/Users/kris/OneDrive/recherche Biome/01 - code/code/docs/html/inherit_graph_1.map for inclusion in the docs!
If you installed Graphviz/dot after a previous failing run, 
try deleting the output directory and rerun doxygen.
error: problems opening map file C:/Users/kris/OneDrive/recherche Biome/01 - code/code/docs/html/inherit_graph_2.map for inclusion in the docs!
If you installed Graphviz/dot after a previous failing run, 
try deleting the output directory and rerun doxygen.
error: problems opening map file C:/Users/kris/OneDrive/recherche Biome/01 - code/code/docs/html/inherit_graph_3.map for inclusion in the docs!
If you installed Graphviz/dot after a previous failing run, 
try deleting the output directory and rerun doxygen.
error: problems opening map file C:/Users/kris/OneDrive/recherche Biome/01 - code/code/docs/html/inherit_graph_4.map for inclusion in the docs!
If you installed Graphviz/dot after a previous failing run, 
try deleting the output directory and rerun doxygen.
error: problems opening map file C:/Users/kris/OneDrive/recherche Biome/01 - code/code/docs/html/inherit_graph_5.map for inclusion in the docs!
If you installed Graphviz/dot after a previous failing run, 
try deleting the output directory and rerun doxygen.
error: problems opening map file C:/Users/kris/OneDrive/recherche Biome/01 - code/code/docs/html/inherit_graph_6.map for inclusion in the docs!
If you installed Graphviz/dot after a previous failing run, 
try deleting the output directory and rerun doxygen.
error: problems opening map file C:/Users/kris/OneDrive/recherche Biome/01 - code/code/docs/html/inherit_graph_7.map for inclusion in the docs!
If you installed Graphviz/dot after a previous failing run, 
try deleting the output directory and rerun doxygen.
error: problems opening map file C:/Users/kris/OneDrive/recherche Biome/01 - code/code/docs/html/inherit_graph_8.map for inclusion in the docs!
If you installed Graphviz/dot after a previous failing run, 
try deleting the output directory and rerun doxygen.
